<?xml version="1.0" encoding="UTF-8"?>
<!-- Generated by org.testng.reporters.JUnitReportReporter -->
<testsuite hostname="home-pc" name="testing.BuyProduct" tests="1" failures="0" timestamp="2 Apr 2015 22:17:04 GMT" time="2.719" errors="0">
  <testcase name="BuyItemsFromWishList" time="2.719" classname="testing.BuyProduct"/>
</testsuite> <!-- testing.BuyProduct -->
