<?xml version="1.0" encoding="UTF-8"?>
<!-- Generated by org.testng.reporters.JUnitReportReporter -->
<testsuite hostname="home-pc" name="testing.DeleteAll" tests="1" failures="0" timestamp="2 Apr 2015 22:17:04 GMT" time="9.000" errors="0">
  <testcase name="deleteAll" time="9.000" classname="testing.DeleteAll"/>
</testsuite> <!-- testing.DeleteAll -->
