<?xml version="1.0" encoding="UTF-8"?>
<!-- Generated by org.testng.reporters.JUnitReportReporter -->
<testsuite hostname="home-pc" name="testing.WishListProduct" tests="1" failures="0" timestamp="2 Apr 2015 22:17:04 GMT" time="11.427" errors="0">
  <testcase name="addProductToWishList" time="11.427" classname="testing.WishListProduct"/>
</testsuite> <!-- testing.WishListProduct -->
