<?xml version="1.0" encoding="UTF-8"?>
<!-- Generated by org.testng.reporters.JUnitReportReporter -->
<testsuite hostname="home-pc" name="testing.NegativeRegistrationTest" tests="1" failures="0" timestamp="2 Apr 2015 22:17:04 GMT" time="15.162" errors="0">
  <testcase name="negativeRegistrationTest" time="15.162" classname="testing.NegativeRegistrationTest"/>
</testsuite> <!-- testing.NegativeRegistrationTest -->
