<?xml version="1.0" encoding="UTF-8"?>
<!-- Generated by org.testng.reporters.JUnitReportReporter -->
<testsuite hostname="home-pc" name="testing.ComparePrices2" tests="1" failures="0" timestamp="2 Apr 2015 22:17:04 GMT" time="9.160" errors="0">
  <testcase name="comparePrices" time="9.160" classname="testing.ComparePrices2"/>
</testsuite> <!-- testing.ComparePrices2 -->
