<?xml version="1.0" encoding="UTF-8"?>
<!-- Generated by org.testng.reporters.JUnitReportReporter -->
<testsuite hostname="home-pc" name="testing.TopMenu" tests="1" failures="0" timestamp="2 Apr 2015 22:17:04 GMT" time="7.725" errors="0">
  <testcase name="topMenu" time="7.725" classname="testing.TopMenu"/>
</testsuite> <!-- testing.TopMenu -->
