<?xml version="1.0" encoding="UTF-8"?>
<!-- Generated by org.testng.reporters.JUnitReportReporter -->
<testsuite hostname="home-pc" name="testing.Checkbox" tests="1" failures="0" timestamp="2 Apr 2015 22:17:04 GMT" time="5.280" errors="0">
  <testcase name="Checkbox" time="5.280" classname="testing.Checkbox"/>
</testsuite> <!-- testing.Checkbox -->
